20170929@00:24:52 ==> Setting VM TimeZone: US/Central
20170928@19:24:52 ==> Updating packages
20170928@19:24:52 ==> Get:1 http://security.ubuntu.com/ubuntu xenial-security InRelease [102 kB]
20170928@19:24:52 ==> Hit:2 http://archive.ubuntu.com/ubuntu xenial InRelease
20170928@19:24:52 ==> Get:3 http://archive.ubuntu.com/ubuntu xenial-updates InRelease [102 kB]
20170928@19:24:53 ==> Get:4 http://security.ubuntu.com/ubuntu xenial-security/main amd64 Packages [356 kB]
20170928@19:24:53 ==> Get:5 http://archive.ubuntu.com/ubuntu xenial-backports InRelease [102 kB]
20170928@19:24:53 ==> Get:6 http://archive.ubuntu.com/ubuntu xenial-updates/main amd64 Packages [634 kB]
20170928@19:24:54 ==> Get:7 http://security.ubuntu.com/ubuntu xenial-security/main i386 Packages [333 kB]
20170928@19:24:54 ==> Get:8 http://archive.ubuntu.com/ubuntu xenial-updates/main i386 Packages [606 kB]
20170928@19:24:54 ==> Get:9 http://security.ubuntu.com/ubuntu xenial-security/main Translation-en [158 kB]
20170928@19:24:54 ==> Get:10 http://security.ubuntu.com/ubuntu xenial-security/restricted amd64 Packages [7,352 B]
20170928@19:24:54 ==> Get:11 http://security.ubuntu.com/ubuntu xenial-security/restricted i386 Packages [7,364 B]
20170928@19:24:54 ==> Get:12 http://security.ubuntu.com/ubuntu xenial-security/universe amd64 Packages [170 kB]
20170928@19:24:54 ==> Get:13 http://security.ubuntu.com/ubuntu xenial-security/universe i386 Packages [147 kB]
20170928@19:24:54 ==> Get:14 http://security.ubuntu.com/ubuntu xenial-security/universe Translation-en [90.0 kB]
20170928@19:24:54 ==> Get:15 http://archive.ubuntu.com/ubuntu xenial-updates/main Translation-en [266 kB]
20170928@19:24:54 ==> Get:16 http://archive.ubuntu.com/ubuntu xenial-updates/restricted amd64 Packages [7,972 B]
20170928@19:24:54 ==> Get:17 http://security.ubuntu.com/ubuntu xenial-security/multiverse amd64 Packages [2,760 B]
20170928@19:24:54 ==> Get:18 http://archive.ubuntu.com/ubuntu xenial-updates/restricted i386 Packages [7,988 B]
20170928@19:24:54 ==> Get:19 http://security.ubuntu.com/ubuntu xenial-security/multiverse i386 Packages [2,916 B]
20170928@19:24:54 ==> Get:20 http://archive.ubuntu.com/ubuntu xenial-updates/universe amd64 Packages [539 kB]
20170928@19:24:54 ==> Get:21 http://archive.ubuntu.com/ubuntu xenial-updates/universe i386 Packages [514 kB]
20170928@19:24:54 ==> Get:22 http://archive.ubuntu.com/ubuntu xenial-updates/universe Translation-en [218 kB]
20170928@19:24:54 ==> Get:23 http://archive.ubuntu.com/ubuntu xenial-updates/multiverse amd64 Packages [15.3 kB]
20170928@19:24:54 ==> Get:24 http://archive.ubuntu.com/ubuntu xenial-updates/multiverse i386 Packages [14.5 kB]
20170928@19:24:54 ==> Get:25 http://archive.ubuntu.com/ubuntu xenial-backports/main amd64 Packages [4,836 B]
20170928@19:24:54 ==> Get:26 http://archive.ubuntu.com/ubuntu xenial-backports/main i386 Packages [4,840 B]
20170928@19:24:54 ==> Get:27 http://archive.ubuntu.com/ubuntu xenial-backports/universe amd64 Packages [5,896 B]
20170928@19:24:54 ==> Get:28 http://archive.ubuntu.com/ubuntu xenial-backports/universe i386 Packages [5,896 B]
20170928@19:24:54 ==> Get:29 http://archive.ubuntu.com/ubuntu xenial-backports/universe Translation-en [3,060 B]
20170928@19:24:58 ==> Fetched 4,429 kB in 3s (1,450 kB/s)
20170928@19:25:00 ==> Reading package lists...
20170928@19:25:00 ==> Reading package lists...
20170928@19:25:00 ==> Building dependency tree...
20170928@19:25:00 ==> Reading state information...
20170928@19:25:00 ==> Calculating upgrade...
20170928@19:25:00 ==> The following packages will be upgraded:
20170928@19:25:00 ==> apparmor bind9-host cryptsetup cryptsetup-bin dnsutils grub-legacy-ec2
20170928@19:25:00 ==> libapparmor-perl libapparmor1 libbind9-140 libcryptsetup4 libdns-export162
20170928@19:25:01 ==> libdns162 libisc-export160 libisc160 libisccc140 libisccfg140 liblwres141
20170928@19:25:01 ==> libplymouth4 libpython3.5 libpython3.5-minimal libpython3.5-stdlib libxml2
20170928@19:25:01 ==> linux-libc-dev lxd lxd-client mdadm plymouth plymouth-theme-ubuntu-text
20170928@19:25:01 ==> python3-update-manager python3.5 python3.5-minimal snap-confine snapd
20170928@19:25:01 ==> tcpdump ubuntu-core-launcher unattended-upgrades update-manager-core
20170928@19:25:01 ==> update-notifier-common xfsprogs
20170928@19:25:01 ==> 39 upgraded, 0 newly installed, 0 to remove and 0 not upgraded.
20170928@19:25:01 ==> Need to get 28.0 MB of archives.
20170928@19:25:01 ==> After this operation, 4,494 kB of additional disk space will be used.
20170928@19:25:01 ==> Get:1 http://archive.ubuntu.com/ubuntu xenial-updates/main amd64 libpython3.5 amd64 3.5.2-2ubuntu0~16.04.3 [1,360 kB]
20170928@19:25:02 ==> Get:2 http://archive.ubuntu.com/ubuntu xenial-updates/main amd64 python3.5 amd64 3.5.2-2ubuntu0~16.04.3 [165 kB]
20170928@19:25:02 ==> Get:3 http://archive.ubuntu.com/ubuntu xenial-updates/main amd64 libpython3.5-stdlib amd64 3.5.2-2ubuntu0~16.04.3 [2,132 kB]
20170928@19:25:04 ==> Get:4 http://archive.ubuntu.com/ubuntu xenial-updates/main amd64 python3.5-minimal amd64 3.5.2-2ubuntu0~16.04.3 [1,596 kB]
20170928@19:25:06 ==> Get:5 http://archive.ubuntu.com/ubuntu xenial-updates/main amd64 libpython3.5-minimal amd64 3.5.2-2ubuntu0~16.04.3 [524 kB]
20170928@19:25:06 ==> Get:6 http://archive.ubuntu.com/ubuntu xenial-updates/main amd64 lxd amd64 2.0.10-0ubuntu1~16.04.2 [3,416 kB]
20170928@19:25:10 ==> Get:7 http://archive.ubuntu.com/ubuntu xenial-updates/main amd64 lxd-client amd64 2.0.10-0ubuntu1~16.04.2 [1,857 kB]
20170928@19:25:11 ==> Get:8 http://archive.ubuntu.com/ubuntu xenial-updates/main amd64 ubuntu-core-launcher amd64 2.27.5 [1,562 B]
20170928@19:25:11 ==> Get:9 http://archive.ubuntu.com/ubuntu xenial-updates/main amd64 snapd amd64 2.27.5 [10.7 MB]
20170928@19:25:22 ==> Get:10 http://archive.ubuntu.com/ubuntu xenial-updates/main amd64 snap-confine amd64 2.27.5 [1,714 B]
20170928@19:25:22 ==> Get:11 http://archive.ubuntu.com/ubuntu xenial-updates/main amd64 libapparmor1 amd64 2.10.95-0ubuntu2.7 [31.2 kB]
20170928@19:25:22 ==> Get:12 http://archive.ubuntu.com/ubuntu xenial-updates/main amd64 libapparmor-perl amd64 2.10.95-0ubuntu2.7 [31.6 kB]
20170928@19:25:22 ==> Get:13 http://archive.ubuntu.com/ubuntu xenial-updates/main amd64 apparmor amd64 2.10.95-0ubuntu2.7 [450 kB]
20170928@19:25:22 ==> Get:14 http://archive.ubuntu.com/ubuntu xenial-updates/main amd64 update-manager-core all 1:16.04.9 [5,330 B]
20170928@19:25:22 ==> Get:15 http://archive.ubuntu.com/ubuntu xenial-updates/main amd64 python3-update-manager all 1:16.04.9 [31.9 kB]
20170928@19:25:22 ==> Get:16 http://archive.ubuntu.com/ubuntu xenial-updates/main amd64 update-notifier-common all 3.168.5 [165 kB]
20170928@19:25:22 ==> Get:17 http://archive.ubuntu.com/ubuntu xenial-updates/main amd64 libcryptsetup4 amd64 2:1.6.6-5ubuntu2.1 [73.3 kB]
20170928@19:25:22 ==> Get:18 http://archive.ubuntu.com/ubuntu xenial-updates/main amd64 libisc-export160 amd64 1:9.10.3.dfsg.P4-8ubuntu1.8 [153 kB]
20170928@19:25:22 ==> Get:19 http://archive.ubuntu.com/ubuntu xenial-updates/main amd64 libdns-export162 amd64 1:9.10.3.dfsg.P4-8ubuntu1.8 [666 kB]
20170928@19:25:23 ==> Get:20 http://archive.ubuntu.com/ubuntu xenial-updates/main amd64 libxml2 amd64 2.9.3+dfsg1-1ubuntu0.3 [697 kB]
20170928@19:25:24 ==> Get:21 http://archive.ubuntu.com/ubuntu xenial-updates/main amd64 bind9-host amd64 1:9.10.3.dfsg.P4-8ubuntu1.8 [38.4 kB]
20170928@19:25:24 ==> Get:22 http://archive.ubuntu.com/ubuntu xenial-updates/main amd64 dnsutils amd64 1:9.10.3.dfsg.P4-8ubuntu1.8 [89.0 kB]
20170928@19:25:24 ==> Get:23 http://archive.ubuntu.com/ubuntu xenial-updates/main amd64 libisc160 amd64 1:9.10.3.dfsg.P4-8ubuntu1.8 [215 kB]
20170928@19:25:24 ==> Get:24 http://archive.ubuntu.com/ubuntu xenial-updates/main amd64 libdns162 amd64 1:9.10.3.dfsg.P4-8ubuntu1.8 [882 kB]
20170928@19:25:25 ==> Get:25 http://archive.ubuntu.com/ubuntu xenial-updates/main amd64 libisccc140 amd64 1:9.10.3.dfsg.P4-8ubuntu1.8 [16.3 kB]
20170928@19:25:25 ==> Get:26 http://archive.ubuntu.com/ubuntu xenial-updates/main amd64 libisccfg140 amd64 1:9.10.3.dfsg.P4-8ubuntu1.8 [40.4 kB]
20170928@19:25:25 ==> Get:27 http://archive.ubuntu.com/ubuntu xenial-updates/main amd64 liblwres141 amd64 1:9.10.3.dfsg.P4-8ubuntu1.8 [33.7 kB]
20170928@19:25:25 ==> Get:28 http://archive.ubuntu.com/ubuntu xenial-updates/main amd64 libbind9-140 amd64 1:9.10.3.dfsg.P4-8ubuntu1.8 [23.6 kB]
20170928@19:25:25 ==> Get:29 http://archive.ubuntu.com/ubuntu xenial-updates/main amd64 libplymouth4 amd64 0.9.2-3ubuntu13.2 [85.1 kB]
20170928@19:25:25 ==> Get:30 http://archive.ubuntu.com/ubuntu xenial-updates/main amd64 plymouth amd64 0.9.2-3ubuntu13.2 [107 kB]
20170928@19:25:25 ==> Get:31 http://archive.ubuntu.com/ubuntu xenial-updates/main amd64 plymouth-theme-ubuntu-text amd64 0.9.2-3ubuntu13.2 [9,094 B]
20170928@19:25:25 ==> Get:32 http://archive.ubuntu.com/ubuntu xenial-updates/main amd64 tcpdump amd64 4.9.2-0ubuntu0.16.04.1 [387 kB]
20170928@19:25:26 ==> Get:33 http://archive.ubuntu.com/ubuntu xenial-updates/main amd64 cryptsetup-bin amd64 2:1.6.6-5ubuntu2.1 [61.8 kB]
20170928@19:25:26 ==> Get:34 http://archive.ubuntu.com/ubuntu xenial-updates/main amd64 cryptsetup amd64 2:1.6.6-5ubuntu2.1 [123 kB]
20170928@19:25:26 ==> Get:35 http://archive.ubuntu.com/ubuntu xenial-updates/main amd64 linux-libc-dev amd64 4.4.0-96.119 [836 kB]
20170928@19:25:27 ==> Get:36 http://archive.ubuntu.com/ubuntu xenial-updates/main amd64 mdadm amd64 3.3-2ubuntu7.4 [394 kB]
20170928@19:25:27 ==> Get:37 http://archive.ubuntu.com/ubuntu xenial-updates/main amd64 unattended-upgrades all 0.90ubuntu0.8 [32.4 kB]
20170928@19:25:27 ==> Get:38 http://archive.ubuntu.com/ubuntu xenial-updates/main amd64 xfsprogs amd64 4.3.0+nmu1ubuntu1.1 [597 kB]
20170928@19:25:28 ==> Get:39 http://archive.ubuntu.com/ubuntu xenial-updates/main amd64 grub-legacy-ec2 all 0.7.9-233-ge586fe35-0ubuntu1~16.04.1 [28.3 kB]
20170928@19:25:28 ==> Fetched 28.0 MB in 27s (1,026 kB/s)
/scripts/shell/includes/logger_functions.sh: line 13: printf: `': invalid format character
20170928@19:25:29 ==> (Reading database ... (Reading database ... 520170928@19:25:29 ==> Preparing to unpack .../libpython3.5_3.5.2-2ubuntu0~16.04.3_amd64.deb ...
20170928@19:25:29 ==> Unpacking libpython3.5:amd64 (3.5.2-2ubuntu0~16.04.3) over (3.5.2-2ubuntu0~16.04.1) ...
20170928@19:25:29 ==> Preparing to unpack .../python3.5_3.5.2-2ubuntu0~16.04.3_amd64.deb ...
20170928@19:25:29 ==> Unpacking python3.5 (3.5.2-2ubuntu0~16.04.3) over (3.5.2-2ubuntu0~16.04.1) ...
20170928@19:25:29 ==> Preparing to unpack .../libpython3.5-stdlib_3.5.2-2ubuntu0~16.04.3_amd64.deb ...
20170928@19:25:29 ==> Unpacking libpython3.5-stdlib:amd64 (3.5.2-2ubuntu0~16.04.3) over (3.5.2-2ubuntu0~16.04.1) ...
20170928@19:25:31 ==> Preparing to unpack .../python3.5-minimal_3.5.2-2ubuntu0~16.04.3_amd64.deb ...
20170928@19:25:31 ==> Unpacking python3.5-minimal (3.5.2-2ubuntu0~16.04.3) over (3.5.2-2ubuntu0~16.04.1) ...
20170928@19:25:32 ==> Preparing to unpack .../libpython3.5-minimal_3.5.2-2ubuntu0~16.04.3_amd64.deb ...
20170928@19:25:32 ==> Unpacking libpython3.5-minimal:amd64 (3.5.2-2ubuntu0~16.04.3) over (3.5.2-2ubuntu0~16.04.1) ...
20170928@19:25:32 ==> Preparing to unpack .../lxd_2.0.10-0ubuntu1~16.04.2_amd64.deb ...
20170928@19:25:32 ==> Warning: Stopping lxd.service, but it can still be activated by:
20170928@19:25:32 ==> lxd.socket
20170928@19:25:32 ==> Unpacking lxd (2.0.10-0ubuntu1~16.04.2) over (2.0.10-0ubuntu1~16.04.1) ...
20170928@19:25:33 ==> Warning: Stopping lxd.service, but it can still be activated by:
20170928@19:25:33 ==> lxd.socket
20170928@19:25:33 ==> Preparing to unpack .../lxd-client_2.0.10-0ubuntu1~16.04.2_amd64.deb ...
20170928@19:25:33 ==> Unpacking lxd-client (2.0.10-0ubuntu1~16.04.2) over (2.0.10-0ubuntu1~16.04.1) ...
20170928@19:25:33 ==> Preparing to unpack .../ubuntu-core-launcher_2.27.5_amd64.deb ...
20170928@19:25:33 ==> Unpacking ubuntu-core-launcher (2.27.5) over (2.26.10) ...
20170928@19:25:34 ==> Preparing to unpack .../snapd_2.27.5_amd64.deb ...
20170928@19:25:34 ==> Warning: Stopping snapd.service, but it can still be activated by:
20170928@19:25:34 ==> snapd.socket
20170928@19:25:34 ==> Unpacking snapd (2.27.5) over (2.26.10) ...
20170928@19:25:36 ==> Preparing to unpack .../snap-confine_2.27.5_amd64.deb ...
20170928@19:25:36 ==> Unpacking snap-confine (2.27.5) over (2.26.10) ...
20170928@19:25:36 ==> Preparing to unpack .../libapparmor1_2.10.95-0ubuntu2.7_amd64.deb ...
20170928@19:25:36 ==> Unpacking libapparmor1:amd64 (2.10.95-0ubuntu2.7) over (2.10.95-0ubuntu2.6) ...
20170928@19:25:36 ==> Processing triggers for libc-bin (2.23-0ubuntu9) ...
20170928@19:25:36 ==> Processing triggers for man-db (2.7.5-1) ...
20170928@19:25:44 ==> Processing triggers for mime-support (3.59ubuntu1) ...
20170928@19:25:44 ==> Processing triggers for ureadahead (0.100.0-19) ...
20170928@19:25:44 ==> Setting up libapparmor1:amd64 (2.10.95-0ubuntu2.7) ...
20170928@19:25:44 ==> Processing triggers for systemd (229-4ubuntu19) ...
20170928@19:25:44 ==> Processing triggers for libc-bin (2.23-0ubuntu9) ...
/scripts/shell/includes/logger_functions.sh: line 13: printf: `': invalid format character
20170928@19:25:44 ==> (Reading database ... (Reading database ... 520170928@19:25:44 ==> Preparing to unpack .../libapparmor-perl_2.10.95-0ubuntu2.7_amd64.deb ...
20170928@19:25:44 ==> Unpacking libapparmor-perl (2.10.95-0ubuntu2.7) over (2.10.95-0ubuntu2.6) ...
20170928@19:25:44 ==> Preparing to unpack .../apparmor_2.10.95-0ubuntu2.7_amd64.deb ...
20170928@19:25:44 ==> Unpacking apparmor (2.10.95-0ubuntu2.7) over (2.10.95-0ubuntu2.6) ...
20170928@19:25:45 ==> Preparing to unpack .../update-manager-core_10x0p+016.04.9_all.deb ...
20170928@19:25:45 ==> Unpacking update-manager-core (1:16.04.9) over (1:16.04.8) ...
20170928@19:25:45 ==> Preparing to unpack .../python3-update-manager_10x0p+016.04.9_all.deb ...
20170928@19:25:45 ==> Unpacking python3-update-manager (1:16.04.9) over (1:16.04.8) ...
20170928@19:25:45 ==> Preparing to unpack .../update-notifier-common_3.168.5_all.deb ...
20170928@19:25:45 ==> Unpacking update-notifier-common (3.168.5) over (3.168.4) ...
20170928@19:25:46 ==> Preparing to unpack .../libcryptsetup4_20x0p+01.6.6-5ubuntu2.1_amd64.deb ...
20170928@19:25:46 ==> Unpacking libcryptsetup4:amd64 (2:1.6.6-5ubuntu2.1) over (2:1.6.6-5ubuntu2) ...
20170928@19:25:46 ==> Processing triggers for man-db (2.7.5-1) ...
20170928@19:25:46 ==> Processing triggers for ureadahead (0.100.0-19) ...
20170928@19:25:47 ==> Processing triggers for libc-bin (2.23-0ubuntu9) ...
20170928@19:25:47 ==> Setting up libcryptsetup4:amd64 (2:1.6.6-5ubuntu2.1) ...
20170928@19:25:47 ==> Processing triggers for systemd (229-4ubuntu19) ...
20170928@19:25:47 ==> Processing triggers for libc-bin (2.23-0ubuntu9) ...
/scripts/shell/includes/logger_functions.sh: line 13: printf: `': invalid format character
20170928@19:25:47 ==> (Reading database ... (Reading database ... 520170928@19:25:47 ==> Preparing to unpack .../libisc-export160_10x0p+09.10.3.dfsg.P4-8ubuntu1.8_amd64.deb ...
20170928@19:25:47 ==> Unpacking libisc-export160 (1:9.10.3.dfsg.P4-8ubuntu1.8) over (1:9.10.3.dfsg.P4-8ubuntu1.7) ...
20170928@19:25:47 ==> Preparing to unpack .../libdns-export162_10x0p+09.10.3.dfsg.P4-8ubuntu1.8_amd64.deb ...
20170928@19:25:47 ==> Unpacking libdns-export162 (1:9.10.3.dfsg.P4-8ubuntu1.8) over (1:9.10.3.dfsg.P4-8ubuntu1.7) ...
20170928@19:25:47 ==> Preparing to unpack .../libxml2_2.9.3+dfsg1-1ubuntu0.3_amd64.deb ...
20170928@19:25:47 ==> Unpacking libxml2:amd64 (2.9.3+dfsg1-1ubuntu0.3) over (2.9.3+dfsg1-1ubuntu0.2) ...
20170928@19:25:47 ==> Preparing to unpack .../bind9-host_10x0p+09.10.3.dfsg.P4-8ubuntu1.8_amd64.deb ...
20170928@19:25:47 ==> Unpacking bind9-host (1:9.10.3.dfsg.P4-8ubuntu1.8) over (1:9.10.3.dfsg.P4-8ubuntu1.7) ...
20170928@19:25:48 ==> Preparing to unpack .../dnsutils_10x0p+09.10.3.dfsg.P4-8ubuntu1.8_amd64.deb ...
20170928@19:25:48 ==> Unpacking dnsutils (1:9.10.3.dfsg.P4-8ubuntu1.8) over (1:9.10.3.dfsg.P4-8ubuntu1.7) ...
20170928@19:25:48 ==> Preparing to unpack .../libisc160_10x0p+09.10.3.dfsg.P4-8ubuntu1.8_amd64.deb ...
20170928@19:25:48 ==> Unpacking libisc160:amd64 (1:9.10.3.dfsg.P4-8ubuntu1.8) over (1:9.10.3.dfsg.P4-8ubuntu1.7) ...
20170928@19:25:48 ==> Preparing to unpack .../libdns162_10x0p+09.10.3.dfsg.P4-8ubuntu1.8_amd64.deb ...
20170928@19:25:48 ==> Unpacking libdns162:amd64 (1:9.10.3.dfsg.P4-8ubuntu1.8) over (1:9.10.3.dfsg.P4-8ubuntu1.7) ...
20170928@19:25:48 ==> Preparing to unpack .../libisccc140_10x0p+09.10.3.dfsg.P4-8ubuntu1.8_amd64.deb ...
20170928@19:25:48 ==> Unpacking libisccc140:amd64 (1:9.10.3.dfsg.P4-8ubuntu1.8) over (1:9.10.3.dfsg.P4-8ubuntu1.7) ...
20170928@19:25:48 ==> Preparing to unpack .../libisccfg140_10x0p+09.10.3.dfsg.P4-8ubuntu1.8_amd64.deb ...
20170928@19:25:48 ==> Unpacking libisccfg140:amd64 (1:9.10.3.dfsg.P4-8ubuntu1.8) over (1:9.10.3.dfsg.P4-8ubuntu1.7) ...
20170928@19:25:48 ==> Preparing to unpack .../liblwres141_10x0p+09.10.3.dfsg.P4-8ubuntu1.8_amd64.deb ...
20170928@19:25:48 ==> Unpacking liblwres141:amd64 (1:9.10.3.dfsg.P4-8ubuntu1.8) over (1:9.10.3.dfsg.P4-8ubuntu1.7) ...
20170928@19:25:48 ==> Preparing to unpack .../libbind9-140_10x0p+09.10.3.dfsg.P4-8ubuntu1.8_amd64.deb ...
20170928@19:25:48 ==> Unpacking libbind9-140:amd64 (1:9.10.3.dfsg.P4-8ubuntu1.8) over (1:9.10.3.dfsg.P4-8ubuntu1.7) ...
20170928@19:25:48 ==> Preparing to unpack .../libplymouth4_0.9.2-3ubuntu13.2_amd64.deb ...
20170928@19:25:48 ==> Unpacking libplymouth4:amd64 (0.9.2-3ubuntu13.2) over (0.9.2-3ubuntu13.1) ...
20170928@19:25:49 ==> Preparing to unpack .../plymouth_0.9.2-3ubuntu13.2_amd64.deb ...
20170928@19:25:49 ==> Unpacking plymouth (0.9.2-3ubuntu13.2) over (0.9.2-3ubuntu13.1) ...
20170928@19:25:49 ==> Preparing to unpack .../plymouth-theme-ubuntu-text_0.9.2-3ubuntu13.2_amd64.deb ...
20170928@19:25:49 ==> Unpacking plymouth-theme-ubuntu-text (0.9.2-3ubuntu13.2) over (0.9.2-3ubuntu13.1) ...
20170928@19:25:49 ==> Preparing to unpack .../tcpdump_4.9.2-0ubuntu0.16.04.1_amd64.deb ...
20170928@19:25:49 ==> Unpacking tcpdump (4.9.2-0ubuntu0.16.04.1) over (4.9.0-1ubuntu1~ubuntu16.04.1) ...
20170928@19:25:49 ==> Preparing to unpack .../cryptsetup-bin_20x0p+01.6.6-5ubuntu2.1_amd64.deb ...
20170928@19:25:49 ==> Unpacking cryptsetup-bin (2:1.6.6-5ubuntu2.1) over (2:1.6.6-5ubuntu2) ...
20170928@19:25:49 ==> Preparing to unpack .../cryptsetup_20x0p+01.6.6-5ubuntu2.1_amd64.deb ...
20170928@19:25:50 ==> Unpacking cryptsetup (2:1.6.6-5ubuntu2.1) over (2:1.6.6-5ubuntu2) ...
20170928@19:25:50 ==> Preparing to unpack .../linux-libc-dev_4.4.0-96.119_amd64.deb ...
20170928@19:25:50 ==> Unpacking linux-libc-dev:amd64 (4.4.0-96.119) over (4.4.0-92.115) ...
20170928@19:25:52 ==> Preparing to unpack .../mdadm_3.3-2ubuntu7.4_amd64.deb ...
20170928@19:25:52 ==> Unpacking mdadm (3.3-2ubuntu7.4) over (3.3-2ubuntu7.2) ...
20170928@19:25:52 ==> Preparing to unpack .../unattended-upgrades_0.90ubuntu0.8_all.deb ...
20170928@19:25:53 ==> Unpacking unattended-upgrades (0.90ubuntu0.8) over (0.90ubuntu0.7) ...
20170928@19:25:53 ==> Preparing to unpack .../xfsprogs_4.3.0+nmu1ubuntu1.1_amd64.deb ...
20170928@19:25:53 ==> Unpacking xfsprogs (4.3.0+nmu1ubuntu1.1) over (4.3.0+nmu1ubuntu1) ...
20170928@19:25:53 ==> Preparing to unpack .../grub-legacy-ec2_0.7.9-233-ge586fe35-0ubuntu1~16.04.1_all.deb ...
20170928@19:25:53 ==> Leaving 'diversion of /usr/sbin/grub-set-default to /usr/sbin/grub-set-default.real by grub-legacy-ec2'
20170928@19:25:53 ==> Unpacking grub-legacy-ec2 (0.7.9-233-ge586fe35-0ubuntu1~16.04.1) over (0.7.9-153-g16a7302f-0ubuntu1~16.04.2) ...
20170928@19:25:53 ==> Processing triggers for libc-bin (2.23-0ubuntu9) ...
20170928@19:25:53 ==> Processing triggers for man-db (2.7.5-1) ...
20170928@19:25:54 ==> Processing triggers for systemd (229-4ubuntu19) ...
20170928@19:25:54 ==> Processing triggers for ureadahead (0.100.0-19) ...
20170928@19:25:54 ==> Setting up libpython3.5-minimal:amd64 (3.5.2-2ubuntu0~16.04.3) ...
20170928@19:25:54 ==> Setting up libpython3.5-stdlib:amd64 (3.5.2-2ubuntu0~16.04.3) ...
20170928@19:25:54 ==> Setting up libpython3.5:amd64 (3.5.2-2ubuntu0~16.04.3) ...
20170928@19:25:54 ==> Setting up python3.5-minimal (3.5.2-2ubuntu0~16.04.3) ...
20170928@19:25:54 ==> Setting up python3.5 (3.5.2-2ubuntu0~16.04.3) ...
20170928@19:25:56 ==> Setting up lxd-client (2.0.10-0ubuntu1~16.04.2) ...
20170928@19:25:56 ==> Setting up lxd (2.0.10-0ubuntu1~16.04.2) ...
20170928@19:25:57 ==> Setting up libapparmor-perl (2.10.95-0ubuntu2.7) ...
20170928@19:25:57 ==> Setting up apparmor (2.10.95-0ubuntu2.7) ...
20170928@19:25:58 ==> update-rc.d: warning: start and stop actions are no longer supported; falling back to defaults
20170928@19:25:58 ==> Skipping profile in /etc/apparmor.d/disable: usr.sbin.rsyslogd
20170928@19:25:58 ==> Setting up snapd (2.27.5) ...
20170928@19:25:58 ==> Installing new version of config file /etc/apparmor.d/usr.lib.snapd.snap-confine.real ...
20170928@19:26:00 ==> Setting up ubuntu-core-launcher (2.27.5) ...
20170928@19:26:00 ==> Setting up snap-confine (2.27.5) ...
20170928@19:26:00 ==> Setting up python3-update-manager (1:16.04.9) ...
20170928@19:26:00 ==> Setting up update-manager-core (1:16.04.9) ...
20170928@19:26:00 ==> Setting up update-notifier-common (3.168.5) ...
20170928@19:26:01 ==> Setting up libisc-export160 (1:9.10.3.dfsg.P4-8ubuntu1.8) ...
20170928@19:26:01 ==> Setting up libdns-export162 (1:9.10.3.dfsg.P4-8ubuntu1.8) ...
20170928@19:26:01 ==> Setting up libxml2:amd64 (2.9.3+dfsg1-1ubuntu0.3) ...
20170928@19:26:01 ==> Setting up libisc160:amd64 (1:9.10.3.dfsg.P4-8ubuntu1.8) ...
20170928@19:26:01 ==> Setting up libdns162:amd64 (1:9.10.3.dfsg.P4-8ubuntu1.8) ...
20170928@19:26:01 ==> Setting up libisccc140:amd64 (1:9.10.3.dfsg.P4-8ubuntu1.8) ...
20170928@19:26:01 ==> Setting up libisccfg140:amd64 (1:9.10.3.dfsg.P4-8ubuntu1.8) ...
20170928@19:26:01 ==> Setting up libbind9-140:amd64 (1:9.10.3.dfsg.P4-8ubuntu1.8) ...
20170928@19:26:01 ==> Setting up liblwres141:amd64 (1:9.10.3.dfsg.P4-8ubuntu1.8) ...
20170928@19:26:01 ==> Setting up bind9-host (1:9.10.3.dfsg.P4-8ubuntu1.8) ...
20170928@19:26:01 ==> Setting up dnsutils (1:9.10.3.dfsg.P4-8ubuntu1.8) ...
20170928@19:26:01 ==> Setting up libplymouth4:amd64 (0.9.2-3ubuntu13.2) ...
20170928@19:26:01 ==> Setting up plymouth (0.9.2-3ubuntu13.2) ...
20170928@19:26:01 ==> update-initramfs: deferring update (trigger activated)
20170928@19:26:01 ==> update-rc.d: warning: start and stop actions are no longer supported; falling back to defaults
20170928@19:26:01 ==> update-rc.d: warning: start and stop actions are no longer supported; falling back to defaults
20170928@19:26:01 ==> Setting up plymouth-theme-ubuntu-text (0.9.2-3ubuntu13.2) ...
20170928@19:26:01 ==> update-initramfs: deferring update (trigger activated)
20170928@19:26:01 ==> Setting up tcpdump (4.9.2-0ubuntu0.16.04.1) ...
20170928@19:26:02 ==> Installing new version of config file /etc/apparmor.d/usr.sbin.tcpdump ...
20170928@19:26:02 ==> Setting up cryptsetup-bin (2:1.6.6-5ubuntu2.1) ...
20170928@19:26:02 ==> Setting up cryptsetup (2:1.6.6-5ubuntu2.1) ...
20170928@19:26:02 ==> update-initramfs: deferring update (trigger activated)
20170928@19:26:02 ==> update-rc.d: warning: start and stop actions are no longer supported; falling back to defaults
20170928@19:26:02 ==> update-rc.d: warning: start and stop actions are no longer supported; falling back to defaults
20170928@19:26:02 ==> Setting up linux-libc-dev:amd64 (4.4.0-96.119) ...
20170928@19:26:02 ==> Setting up mdadm (3.3-2ubuntu7.4) ...
20170928@19:26:02 ==> update-initramfs: deferring update (trigger activated)
20170928@19:26:03 ==> Generating grub configuration file ...
20170928@19:26:03 ==> File descriptor 3 (pipe:[37122]) leaked on vgs invocation. Parent PID 16746: /usr/sbin/grub-probe
20170928@19:26:03 ==> File descriptor 3 (pipe:[37122]) leaked on vgs invocation. Parent PID 16746: /usr/sbin/grub-probe
20170928@19:26:03 ==> File descriptor 3 (pipe:[37122]) leaked on vgs invocation. Parent PID 16770: /usr/sbin/grub-probe
20170928@19:26:03 ==> File descriptor 3 (pipe:[37122]) leaked on vgs invocation. Parent PID 16770: /usr/sbin/grub-probe
20170928@19:26:03 ==> File descriptor 3 (pipe:[37122]) leaked on vgs invocation. Parent PID 16798: /usr/sbin/grub-probe
20170928@19:26:03 ==> File descriptor 3 (pipe:[37122]) leaked on vgs invocation. Parent PID 16798: /usr/sbin/grub-probe
20170928@19:26:03 ==> File descriptor 3 (pipe:[37122]) leaked on vgs invocation. Parent PID 16827: /usr/sbin/grub-probe
20170928@19:26:03 ==> File descriptor 3 (pipe:[37122]) leaked on vgs invocation. Parent PID 16827: /usr/sbin/grub-probe
20170928@19:26:03 ==> Warning: Setting GRUB_TIMEOUT to a non-zero value when GRUB_HIDDEN_TIMEOUT is set is no longer supported.
20170928@19:26:03 ==> File descriptor 3 (pipe:[37122]) leaked on vgs invocation. Parent PID 16910: /usr/sbin/grub-probe
20170928@19:26:03 ==> File descriptor 3 (pipe:[37122]) leaked on vgs invocation. Parent PID 16910: /usr/sbin/grub-probe
20170928@19:26:03 ==> Found linux image: /boot/vmlinuz-4.4.0-92-generic
20170928@19:26:03 ==> Found initrd image: /boot/initrd.img-4.4.0-92-generic
20170928@19:26:03 ==> File descriptor 3 (pipe:[37122]) leaked on vgs invocation. Parent PID 17170: /usr/sbin/grub-probe
20170928@19:26:03 ==> File descriptor 3 (pipe:[37122]) leaked on vgs invocation. Parent PID 17170: /usr/sbin/grub-probe
20170928@19:26:04 ==> File descriptor 3 (pipe:[37122]) leaked on lvs invocation. Parent PID 17302: /bin/sh
20170928@19:26:04 ==> done
20170928@19:26:04 ==> update-rc.d: warning: start and stop actions are no longer supported; falling back to defaults
20170928@19:26:04 ==> Setting up unattended-upgrades (0.90ubuntu0.8) ...
20170928@19:26:04 ==> 
20170928@19:26:04 ==> Creating config file /etc/apt/apt.conf.d/20auto-upgrades with new version
20170928@19:26:05 ==> Setting up xfsprogs (4.3.0+nmu1ubuntu1.1) ...
20170928@19:26:05 ==> update-initramfs: deferring update (trigger activated)
20170928@19:26:05 ==> Setting up grub-legacy-ec2 (0.7.9-233-ge586fe35-0ubuntu1~16.04.1) ...
20170928@19:26:05 ==> Searching for GRUB installation directory ... found: /boot/grub
20170928@19:26:05 ==> Searching for default file ... found: /boot/grub/default
20170928@19:26:05 ==> Testing for an existing GRUB menu.lst file ... found: /boot/grub/menu.lst
20170928@19:26:05 ==> Searching for splash image ... none found, skipping ...
20170928@19:26:05 ==> Found kernel: /vmlinuz-4.4.0-92-generic
20170928@19:26:05 ==> Found kernel: /vmlinuz-4.4.0-62-generic
20170928@19:26:05 ==> Replacing config file /run/grub/menu.lst with new version
20170928@19:26:05 ==> Found kernel: /vmlinuz-4.4.0-92-generic
20170928@19:26:06 ==> Replacing config file /run/grub/menu.lst with new version
20170928@19:26:06 ==> Updating /boot/grub/menu.lst ... done
20170928@19:26:06 ==> 
20170928@19:26:06 ==> Processing triggers for libc-bin (2.23-0ubuntu9) ...
20170928@19:26:06 ==> Processing triggers for initramfs-tools (0.122ubuntu8.8) ...
20170928@19:26:06 ==> update-initramfs: Generating /boot/initrd.img-4.4.0-92-generic
20170928@19:26:12 ==> W: mdadm: /etc/mdadm/mdadm.conf defines no arrays.
20170928@19:26:19 ==> Installing packages
20170928@19:26:19 ==> Reading package lists...
20170928@19:26:19 ==> Building dependency tree...
20170928@19:26:19 ==> Reading state information...
20170928@19:26:19 ==> git is already the newest version (1:2.7.4-0ubuntu1.2).
20170928@19:26:19 ==> The following NEW packages will be installed:
20170928@19:26:19 ==> libuv1 nodejs
20170928@19:26:20 ==> 0 upgraded, 2 newly installed, 0 to remove and 0 not upgraded.
20170928@19:26:20 ==> Need to get 3,218 kB of archives.
20170928@19:26:20 ==> After this operation, 13.4 MB of additional disk space will be used.
20170928@19:26:20 ==> Get:1 http://archive.ubuntu.com/ubuntu xenial/universe amd64 libuv1 amd64 1.8.0-1 [57.4 kB]
20170928@19:26:20 ==> Get:2 http://archive.ubuntu.com/ubuntu xenial-updates/universe amd64 nodejs amd64 4.2.6~dfsg-1ubuntu4.1 [3,161 kB]
20170928@19:26:21 ==> Fetched 3,218 kB in 1s (1,659 kB/s)
20170928@19:26:21 ==> Selecting previously unselected package libuv1:amd64.
/scripts/shell/includes/logger_functions.sh: line 13: printf: `': invalid format character
20170928@19:26:21 ==> (Reading database ... (Reading database ... 520170928@19:26:21 ==> Preparing to unpack .../libuv1_1.8.0-1_amd64.deb ...
20170928@19:26:21 ==> Unpacking libuv1:amd64 (1.8.0-1) ...
20170928@19:26:21 ==> Selecting previously unselected package nodejs.
20170928@19:26:21 ==> Preparing to unpack .../nodejs_4.2.6~dfsg-1ubuntu4.1_amd64.deb ...
20170928@19:26:21 ==> Unpacking nodejs (4.2.6~dfsg-1ubuntu4.1) ...
20170928@19:26:22 ==> Processing triggers for libc-bin (2.23-0ubuntu9) ...
20170928@19:26:22 ==> Processing triggers for man-db (2.7.5-1) ...
20170928@19:26:22 ==> Setting up libuv1:amd64 (1.8.0-1) ...
20170928@19:26:22 ==> Setting up nodejs (4.2.6~dfsg-1ubuntu4.1) ...
20170928@19:26:22 ==> update-alternatives: using /usr/bin/nodejs to provide /usr/bin/js (js) in auto mode
20170928@19:26:22 ==> Processing triggers for libc-bin (2.23-0ubuntu9) ...
