20171001@20:38:48 ==> Setting VM TimeZone: US/Central
20171001@15:38:48 ==> Updating packages
20171001@15:38:49 ==> Hit:1 http://archive.ubuntu.com/ubuntu xenial InRelease
20171001@15:38:49 ==> Get:2 http://security.ubuntu.com/ubuntu xenial-security InRelease [102 kB]
20171001@15:38:49 ==> Get:3 http://archive.ubuntu.com/ubuntu xenial-updates InRelease [102 kB]
20171001@15:38:50 ==> Get:4 http://archive.ubuntu.com/ubuntu xenial-backports InRelease [102 kB]
20171001@15:38:50 ==> Get:5 http://security.ubuntu.com/ubuntu xenial-security/main amd64 Packages [356 kB]
20171001@15:38:50 ==> Get:6 http://archive.ubuntu.com/ubuntu xenial-updates/main amd64 Packages [634 kB]
20171001@15:38:55 ==> Get:7 http://security.ubuntu.com/ubuntu xenial-security/main i386 Packages [333 kB]
20171001@15:38:55 ==> Get:8 http://archive.ubuntu.com/ubuntu xenial-updates/main i386 Packages [606 kB]
20171001@15:38:57 ==> Get:9 http://archive.ubuntu.com/ubuntu xenial-updates/main Translation-en [266 kB]
20171001@15:38:58 ==> Get:10 http://security.ubuntu.com/ubuntu xenial-security/main Translation-en [158 kB]
20171001@15:38:59 ==> Get:11 http://archive.ubuntu.com/ubuntu xenial-updates/restricted amd64 Packages [7,972 B]
20171001@15:38:59 ==> Get:12 http://archive.ubuntu.com/ubuntu xenial-updates/restricted i386 Packages [7,988 B]
20171001@15:38:59 ==> Get:13 http://archive.ubuntu.com/ubuntu xenial-updates/universe amd64 Packages [539 kB]
20171001@15:38:59 ==> Get:14 http://security.ubuntu.com/ubuntu xenial-security/restricted amd64 Packages [7,352 B]
20171001@15:38:59 ==> Get:15 http://security.ubuntu.com/ubuntu xenial-security/restricted i386 Packages [7,364 B]
20171001@15:38:59 ==> Get:16 http://security.ubuntu.com/ubuntu xenial-security/universe amd64 Packages [170 kB]
20171001@15:39:00 ==> Get:17 http://security.ubuntu.com/ubuntu xenial-security/universe i386 Packages [147 kB]
20171001@15:39:01 ==> Get:18 http://security.ubuntu.com/ubuntu xenial-security/universe Translation-en [90.0 kB]
20171001@15:39:01 ==> Get:19 http://security.ubuntu.com/ubuntu xenial-security/multiverse amd64 Packages [2,760 B]
20171001@15:39:01 ==> Get:20 http://security.ubuntu.com/ubuntu xenial-security/multiverse i386 Packages [2,916 B]
20171001@15:39:25 ==> Get:13 http://archive.ubuntu.com/ubuntu xenial-updates/universe amd64 Packages [539 kB]
20171001@15:39:28 ==> Get:21 http://archive.ubuntu.com/ubuntu xenial-updates/universe i386 Packages [514 kB]
20171001@15:39:33 ==> Get:22 http://archive.ubuntu.com/ubuntu xenial-updates/universe Translation-en [218 kB]
20171001@15:39:38 ==> Get:23 http://archive.ubuntu.com/ubuntu xenial-updates/multiverse amd64 Packages [15.3 kB]
20171001@15:39:38 ==> Get:24 http://archive.ubuntu.com/ubuntu xenial-updates/multiverse i386 Packages [14.5 kB]
20171001@15:39:38 ==> Get:25 http://archive.ubuntu.com/ubuntu xenial-backports/main amd64 Packages [4,836 B]
20171001@15:39:38 ==> Get:26 http://archive.ubuntu.com/ubuntu xenial-backports/main i386 Packages [4,840 B]
20171001@15:39:38 ==> Get:27 http://archive.ubuntu.com/ubuntu xenial-backports/universe amd64 Packages [5,896 B]
20171001@15:39:38 ==> Get:28 http://archive.ubuntu.com/ubuntu xenial-backports/universe i386 Packages [5,896 B]
20171001@15:39:38 ==> Get:29 http://archive.ubuntu.com/ubuntu xenial-backports/universe Translation-en [3,060 B]
20171001@15:39:42 ==> Fetched 4,267 kB in 49s (86.2 kB/s)
20171001@15:39:44 ==> Reading package lists...
20171001@15:39:44 ==> Reading package lists...
20171001@15:39:45 ==> Building dependency tree...
20171001@15:39:45 ==> Reading state information...
20171001@15:39:45 ==> Calculating upgrade...
20171001@15:39:45 ==> The following packages will be upgraded:
20171001@15:39:45 ==> apparmor bind9-host cryptsetup cryptsetup-bin dnsutils grub-legacy-ec2
20171001@15:39:45 ==> libapparmor-perl libapparmor1 libbind9-140 libcryptsetup4 libdns-export162
20171001@15:39:45 ==> libdns162 libisc-export160 libisc160 libisccc140 libisccfg140 liblwres141
20171001@15:39:45 ==> libplymouth4 libpython3.5 libpython3.5-minimal libpython3.5-stdlib libxml2
20171001@15:39:45 ==> linux-libc-dev lxd lxd-client mdadm plymouth plymouth-theme-ubuntu-text
20171001@15:39:45 ==> python3-update-manager python3.5 python3.5-minimal snap-confine snapd
20171001@15:39:45 ==> tcpdump ubuntu-core-launcher unattended-upgrades update-manager-core
20171001@15:39:45 ==> update-notifier-common xfsprogs
20171001@15:39:48 ==> 39 upgraded, 0 newly installed, 0 to remove and 0 not upgraded.
20171001@15:39:48 ==> Need to get 28.0 MB of archives.
20171001@15:39:48 ==> After this operation, 4,494 kB of additional disk space will be used.
20171001@15:39:48 ==> Get:1 http://archive.ubuntu.com/ubuntu xenial-updates/main amd64 libpython3.5 amd64 3.5.2-2ubuntu0~16.04.3 [1,360 kB]
20171001@15:40:07 ==> Get:2 http://archive.ubuntu.com/ubuntu xenial-updates/main amd64 python3.5 amd64 3.5.2-2ubuntu0~16.04.3 [165 kB]
20171001@15:40:08 ==> Get:3 http://archive.ubuntu.com/ubuntu xenial-updates/main amd64 libpython3.5-stdlib amd64 3.5.2-2ubuntu0~16.04.3 [2,132 kB]
20171001@15:40:38 ==> Get:4 http://archive.ubuntu.com/ubuntu xenial-updates/main amd64 python3.5-minimal amd64 3.5.2-2ubuntu0~16.04.3 [1,596 kB]
20171001@15:40:55 ==> Get:5 http://archive.ubuntu.com/ubuntu xenial-updates/main amd64 libpython3.5-minimal amd64 3.5.2-2ubuntu0~16.04.3 [524 kB]
20171001@15:40:59 ==> Get:6 http://archive.ubuntu.com/ubuntu xenial-updates/main amd64 lxd amd64 2.0.10-0ubuntu1~16.04.2 [3,416 kB]
20171001@15:41:10 ==> Get:7 http://archive.ubuntu.com/ubuntu xenial-updates/main amd64 lxd-client amd64 2.0.10-0ubuntu1~16.04.2 [1,857 kB]
20171001@15:41:25 ==> Get:8 http://archive.ubuntu.com/ubuntu xenial-updates/main amd64 ubuntu-core-launcher amd64 2.27.5 [1,562 B]
20171001@15:41:26 ==> Get:9 http://archive.ubuntu.com/ubuntu xenial-updates/main amd64 snapd amd64 2.27.5 [10.7 MB]
20171001@15:42:25 ==> Get:10 http://archive.ubuntu.com/ubuntu xenial-updates/main amd64 snap-confine amd64 2.27.5 [1,714 B]
20171001@15:42:26 ==> Get:11 http://archive.ubuntu.com/ubuntu xenial-updates/main amd64 libapparmor1 amd64 2.10.95-0ubuntu2.7 [31.2 kB]
20171001@15:42:26 ==> Get:12 http://archive.ubuntu.com/ubuntu xenial-updates/main amd64 libapparmor-perl amd64 2.10.95-0ubuntu2.7 [31.6 kB]
20171001@15:42:26 ==> Get:13 http://archive.ubuntu.com/ubuntu xenial-updates/main amd64 apparmor amd64 2.10.95-0ubuntu2.7 [450 kB]
20171001@15:42:28 ==> Get:14 http://archive.ubuntu.com/ubuntu xenial-updates/main amd64 update-manager-core all 1:16.04.9 [5,330 B]
20171001@15:42:29 ==> Get:15 http://archive.ubuntu.com/ubuntu xenial-updates/main amd64 python3-update-manager all 1:16.04.9 [31.9 kB]
20171001@15:42:29 ==> Get:16 http://archive.ubuntu.com/ubuntu xenial-updates/main amd64 update-notifier-common all 3.168.5 [165 kB]
20171001@15:42:32 ==> Get:17 http://archive.ubuntu.com/ubuntu xenial-updates/main amd64 libcryptsetup4 amd64 2:1.6.6-5ubuntu2.1 [73.3 kB]
20171001@15:42:32 ==> Get:18 http://archive.ubuntu.com/ubuntu xenial-updates/main amd64 libisc-export160 amd64 1:9.10.3.dfsg.P4-8ubuntu1.8 [153 kB]
20171001@15:42:34 ==> Get:19 http://archive.ubuntu.com/ubuntu xenial-updates/main amd64 libdns-export162 amd64 1:9.10.3.dfsg.P4-8ubuntu1.8 [666 kB]
20171001@15:42:38 ==> Get:20 http://archive.ubuntu.com/ubuntu xenial-updates/main amd64 libxml2 amd64 2.9.3+dfsg1-1ubuntu0.3 [697 kB]
20171001@15:42:42 ==> Get:21 http://archive.ubuntu.com/ubuntu xenial-updates/main amd64 bind9-host amd64 1:9.10.3.dfsg.P4-8ubuntu1.8 [38.4 kB]
20171001@15:42:42 ==> Get:22 http://archive.ubuntu.com/ubuntu xenial-updates/main amd64 dnsutils amd64 1:9.10.3.dfsg.P4-8ubuntu1.8 [89.0 kB]
20171001@15:42:43 ==> Get:23 http://archive.ubuntu.com/ubuntu xenial-updates/main amd64 libisc160 amd64 1:9.10.3.dfsg.P4-8ubuntu1.8 [215 kB]
20171001@15:42:44 ==> Get:24 http://archive.ubuntu.com/ubuntu xenial-updates/main amd64 libdns162 amd64 1:9.10.3.dfsg.P4-8ubuntu1.8 [882 kB]
20171001@15:42:47 ==> Get:25 http://archive.ubuntu.com/ubuntu xenial-updates/main amd64 libisccc140 amd64 1:9.10.3.dfsg.P4-8ubuntu1.8 [16.3 kB]
20171001@15:42:47 ==> Get:26 http://archive.ubuntu.com/ubuntu xenial-updates/main amd64 libisccfg140 amd64 1:9.10.3.dfsg.P4-8ubuntu1.8 [40.4 kB]
20171001@15:42:47 ==> Get:27 http://archive.ubuntu.com/ubuntu xenial-updates/main amd64 liblwres141 amd64 1:9.10.3.dfsg.P4-8ubuntu1.8 [33.7 kB]
20171001@15:42:48 ==> Get:28 http://archive.ubuntu.com/ubuntu xenial-updates/main amd64 libbind9-140 amd64 1:9.10.3.dfsg.P4-8ubuntu1.8 [23.6 kB]
20171001@15:42:48 ==> Get:29 http://archive.ubuntu.com/ubuntu xenial-updates/main amd64 libplymouth4 amd64 0.9.2-3ubuntu13.2 [85.1 kB]
20171001@15:42:48 ==> Get:30 http://archive.ubuntu.com/ubuntu xenial-updates/main amd64 plymouth amd64 0.9.2-3ubuntu13.2 [107 kB]
20171001@15:42:49 ==> Get:31 http://archive.ubuntu.com/ubuntu xenial-updates/main amd64 plymouth-theme-ubuntu-text amd64 0.9.2-3ubuntu13.2 [9,094 B]
20171001@15:42:49 ==> Get:32 http://archive.ubuntu.com/ubuntu xenial-updates/main amd64 tcpdump amd64 4.9.2-0ubuntu0.16.04.1 [387 kB]
20171001@15:42:51 ==> Get:33 http://archive.ubuntu.com/ubuntu xenial-updates/main amd64 cryptsetup-bin amd64 2:1.6.6-5ubuntu2.1 [61.8 kB]
20171001@15:42:52 ==> Get:34 http://archive.ubuntu.com/ubuntu xenial-updates/main amd64 cryptsetup amd64 2:1.6.6-5ubuntu2.1 [123 kB]
20171001@15:42:53 ==> Get:35 http://archive.ubuntu.com/ubuntu xenial-updates/main amd64 linux-libc-dev amd64 4.4.0-96.119 [836 kB]
20171001@15:42:55 ==> Get:36 http://archive.ubuntu.com/ubuntu xenial-updates/main amd64 mdadm amd64 3.3-2ubuntu7.4 [394 kB]
20171001@15:42:56 ==> Get:37 http://archive.ubuntu.com/ubuntu xenial-updates/main amd64 unattended-upgrades all 0.90ubuntu0.8 [32.4 kB]
20171001@15:42:57 ==> Get:38 http://archive.ubuntu.com/ubuntu xenial-updates/main amd64 xfsprogs amd64 4.3.0+nmu1ubuntu1.1 [597 kB]
20171001@15:42:58 ==> Get:39 http://archive.ubuntu.com/ubuntu xenial-updates/main amd64 grub-legacy-ec2 all 0.7.9-233-ge586fe35-0ubuntu1~16.04.1 [28.3 kB]
20171001@15:42:59 ==> Fetched 28.0 MB in 3min 12s (145 kB/s)
/scripts/shell/includes/logger_functions.sh: line 13: printf: `': invalid format character
20171001@15:42:59 ==> (Reading database ... (Reading database ... 520171001@15:42:59 ==> Preparing to unpack .../libpython3.5_3.5.2-2ubuntu0~16.04.3_amd64.deb ...
20171001@15:42:59 ==> Unpacking libpython3.5:amd64 (3.5.2-2ubuntu0~16.04.3) over (3.5.2-2ubuntu0~16.04.1) ...
20171001@15:43:00 ==> Preparing to unpack .../python3.5_3.5.2-2ubuntu0~16.04.3_amd64.deb ...
20171001@15:43:00 ==> Unpacking python3.5 (3.5.2-2ubuntu0~16.04.3) over (3.5.2-2ubuntu0~16.04.1) ...
20171001@15:43:00 ==> Preparing to unpack .../libpython3.5-stdlib_3.5.2-2ubuntu0~16.04.3_amd64.deb ...
20171001@15:43:00 ==> Unpacking libpython3.5-stdlib:amd64 (3.5.2-2ubuntu0~16.04.3) over (3.5.2-2ubuntu0~16.04.1) ...
20171001@15:43:02 ==> Preparing to unpack .../python3.5-minimal_3.5.2-2ubuntu0~16.04.3_amd64.deb ...
20171001@15:43:02 ==> Unpacking python3.5-minimal (3.5.2-2ubuntu0~16.04.3) over (3.5.2-2ubuntu0~16.04.1) ...
20171001@15:43:02 ==> Preparing to unpack .../libpython3.5-minimal_3.5.2-2ubuntu0~16.04.3_amd64.deb ...
20171001@15:43:02 ==> Unpacking libpython3.5-minimal:amd64 (3.5.2-2ubuntu0~16.04.3) over (3.5.2-2ubuntu0~16.04.1) ...
20171001@15:43:03 ==> Preparing to unpack .../lxd_2.0.10-0ubuntu1~16.04.2_amd64.deb ...
20171001@15:43:03 ==> Warning: Stopping lxd.service, but it can still be activated by:
20171001@15:43:03 ==> lxd.socket
20171001@15:43:03 ==> Unpacking lxd (2.0.10-0ubuntu1~16.04.2) over (2.0.10-0ubuntu1~16.04.1) ...
20171001@15:43:04 ==> Warning: Stopping lxd.service, but it can still be activated by:
20171001@15:43:04 ==> lxd.socket
20171001@15:43:04 ==> Preparing to unpack .../lxd-client_2.0.10-0ubuntu1~16.04.2_amd64.deb ...
20171001@15:43:04 ==> Unpacking lxd-client (2.0.10-0ubuntu1~16.04.2) over (2.0.10-0ubuntu1~16.04.1) ...
20171001@15:43:04 ==> Preparing to unpack .../ubuntu-core-launcher_2.27.5_amd64.deb ...
20171001@15:43:04 ==> Unpacking ubuntu-core-launcher (2.27.5) over (2.26.10) ...
20171001@15:43:04 ==> Preparing to unpack .../snapd_2.27.5_amd64.deb ...
20171001@15:43:04 ==> Warning: Stopping snapd.service, but it can still be activated by:
20171001@15:43:04 ==> snapd.socket
20171001@15:43:04 ==> Unpacking snapd (2.27.5) over (2.26.10) ...
20171001@15:43:07 ==> Preparing to unpack .../snap-confine_2.27.5_amd64.deb ...
20171001@15:43:07 ==> Unpacking snap-confine (2.27.5) over (2.26.10) ...
20171001@15:43:07 ==> Preparing to unpack .../libapparmor1_2.10.95-0ubuntu2.7_amd64.deb ...
20171001@15:43:07 ==> Unpacking libapparmor1:amd64 (2.10.95-0ubuntu2.7) over (2.10.95-0ubuntu2.6) ...
20171001@15:43:07 ==> Processing triggers for libc-bin (2.23-0ubuntu9) ...
20171001@15:43:07 ==> Processing triggers for man-db (2.7.5-1) ...
20171001@15:43:17 ==> Processing triggers for mime-support (3.59ubuntu1) ...
20171001@15:43:17 ==> Processing triggers for ureadahead (0.100.0-19) ...
20171001@15:43:17 ==> Setting up libapparmor1:amd64 (2.10.95-0ubuntu2.7) ...
20171001@15:43:17 ==> Processing triggers for systemd (229-4ubuntu19) ...
20171001@15:43:17 ==> Processing triggers for libc-bin (2.23-0ubuntu9) ...
/scripts/shell/includes/logger_functions.sh: line 13: printf: `': invalid format character
20171001@15:43:18 ==> (Reading database ... (Reading database ... 520171001@15:43:18 ==> Preparing to unpack .../libapparmor-perl_2.10.95-0ubuntu2.7_amd64.deb ...
20171001@15:43:18 ==> Unpacking libapparmor-perl (2.10.95-0ubuntu2.7) over (2.10.95-0ubuntu2.6) ...
20171001@15:43:18 ==> Preparing to unpack .../apparmor_2.10.95-0ubuntu2.7_amd64.deb ...
20171001@15:43:18 ==> Unpacking apparmor (2.10.95-0ubuntu2.7) over (2.10.95-0ubuntu2.6) ...
20171001@15:43:18 ==> Preparing to unpack .../update-manager-core_10x0p+016.04.9_all.deb ...
20171001@15:43:18 ==> Unpacking update-manager-core (1:16.04.9) over (1:16.04.8) ...
20171001@15:43:18 ==> Preparing to unpack .../python3-update-manager_10x0p+016.04.9_all.deb ...
20171001@15:43:19 ==> Unpacking python3-update-manager (1:16.04.9) over (1:16.04.8) ...
20171001@15:43:19 ==> Preparing to unpack .../update-notifier-common_3.168.5_all.deb ...
20171001@15:43:19 ==> Unpacking update-notifier-common (3.168.5) over (3.168.4) ...
20171001@15:43:20 ==> Preparing to unpack .../libcryptsetup4_20x0p+01.6.6-5ubuntu2.1_amd64.deb ...
20171001@15:43:20 ==> Unpacking libcryptsetup4:amd64 (2:1.6.6-5ubuntu2.1) over (2:1.6.6-5ubuntu2) ...
20171001@15:43:20 ==> Processing triggers for man-db (2.7.5-1) ...
20171001@15:43:20 ==> Processing triggers for ureadahead (0.100.0-19) ...
20171001@15:43:20 ==> Processing triggers for libc-bin (2.23-0ubuntu9) ...
20171001@15:43:21 ==> Setting up libcryptsetup4:amd64 (2:1.6.6-5ubuntu2.1) ...
20171001@15:43:21 ==> Processing triggers for systemd (229-4ubuntu19) ...
20171001@15:43:21 ==> Processing triggers for libc-bin (2.23-0ubuntu9) ...
/scripts/shell/includes/logger_functions.sh: line 13: printf: `': invalid format character
20171001@15:43:21 ==> (Reading database ... (Reading database ... 520171001@15:43:21 ==> Preparing to unpack .../libisc-export160_10x0p+09.10.3.dfsg.P4-8ubuntu1.8_amd64.deb ...
20171001@15:43:21 ==> Unpacking libisc-export160 (1:9.10.3.dfsg.P4-8ubuntu1.8) over (1:9.10.3.dfsg.P4-8ubuntu1.7) ...
20171001@15:43:21 ==> Preparing to unpack .../libdns-export162_10x0p+09.10.3.dfsg.P4-8ubuntu1.8_amd64.deb ...
20171001@15:43:21 ==> Unpacking libdns-export162 (1:9.10.3.dfsg.P4-8ubuntu1.8) over (1:9.10.3.dfsg.P4-8ubuntu1.7) ...
20171001@15:43:21 ==> Preparing to unpack .../libxml2_2.9.3+dfsg1-1ubuntu0.3_amd64.deb ...
20171001@15:43:21 ==> Unpacking libxml2:amd64 (2.9.3+dfsg1-1ubuntu0.3) over (2.9.3+dfsg1-1ubuntu0.2) ...
20171001@15:43:21 ==> Preparing to unpack .../bind9-host_10x0p+09.10.3.dfsg.P4-8ubuntu1.8_amd64.deb ...
20171001@15:43:21 ==> Unpacking bind9-host (1:9.10.3.dfsg.P4-8ubuntu1.8) over (1:9.10.3.dfsg.P4-8ubuntu1.7) ...
20171001@15:43:22 ==> Preparing to unpack .../dnsutils_10x0p+09.10.3.dfsg.P4-8ubuntu1.8_amd64.deb ...
20171001@15:43:22 ==> Unpacking dnsutils (1:9.10.3.dfsg.P4-8ubuntu1.8) over (1:9.10.3.dfsg.P4-8ubuntu1.7) ...
20171001@15:43:22 ==> Preparing to unpack .../libisc160_10x0p+09.10.3.dfsg.P4-8ubuntu1.8_amd64.deb ...
20171001@15:43:22 ==> Unpacking libisc160:amd64 (1:9.10.3.dfsg.P4-8ubuntu1.8) over (1:9.10.3.dfsg.P4-8ubuntu1.7) ...
20171001@15:43:22 ==> Preparing to unpack .../libdns162_10x0p+09.10.3.dfsg.P4-8ubuntu1.8_amd64.deb ...
20171001@15:43:22 ==> Unpacking libdns162:amd64 (1:9.10.3.dfsg.P4-8ubuntu1.8) over (1:9.10.3.dfsg.P4-8ubuntu1.7) ...
20171001@15:43:22 ==> Preparing to unpack .../libisccc140_10x0p+09.10.3.dfsg.P4-8ubuntu1.8_amd64.deb ...
20171001@15:43:22 ==> Unpacking libisccc140:amd64 (1:9.10.3.dfsg.P4-8ubuntu1.8) over (1:9.10.3.dfsg.P4-8ubuntu1.7) ...
20171001@15:43:22 ==> Preparing to unpack .../libisccfg140_10x0p+09.10.3.dfsg.P4-8ubuntu1.8_amd64.deb ...
20171001@15:43:22 ==> Unpacking libisccfg140:amd64 (1:9.10.3.dfsg.P4-8ubuntu1.8) over (1:9.10.3.dfsg.P4-8ubuntu1.7) ...
20171001@15:43:22 ==> Preparing to unpack .../liblwres141_10x0p+09.10.3.dfsg.P4-8ubuntu1.8_amd64.deb ...
20171001@15:43:22 ==> Unpacking liblwres141:amd64 (1:9.10.3.dfsg.P4-8ubuntu1.8) over (1:9.10.3.dfsg.P4-8ubuntu1.7) ...
20171001@15:43:23 ==> Preparing to unpack .../libbind9-140_10x0p+09.10.3.dfsg.P4-8ubuntu1.8_amd64.deb ...
20171001@15:43:23 ==> Unpacking libbind9-140:amd64 (1:9.10.3.dfsg.P4-8ubuntu1.8) over (1:9.10.3.dfsg.P4-8ubuntu1.7) ...
20171001@15:43:23 ==> Preparing to unpack .../libplymouth4_0.9.2-3ubuntu13.2_amd64.deb ...
20171001@15:43:23 ==> Unpacking libplymouth4:amd64 (0.9.2-3ubuntu13.2) over (0.9.2-3ubuntu13.1) ...
20171001@15:43:23 ==> Preparing to unpack .../plymouth_0.9.2-3ubuntu13.2_amd64.deb ...
20171001@15:43:23 ==> Unpacking plymouth (0.9.2-3ubuntu13.2) over (0.9.2-3ubuntu13.1) ...
20171001@15:43:23 ==> Preparing to unpack .../plymouth-theme-ubuntu-text_0.9.2-3ubuntu13.2_amd64.deb ...
20171001@15:43:24 ==> Unpacking plymouth-theme-ubuntu-text (0.9.2-3ubuntu13.2) over (0.9.2-3ubuntu13.1) ...
20171001@15:43:24 ==> Preparing to unpack .../tcpdump_4.9.2-0ubuntu0.16.04.1_amd64.deb ...
20171001@15:43:24 ==> Unpacking tcpdump (4.9.2-0ubuntu0.16.04.1) over (4.9.0-1ubuntu1~ubuntu16.04.1) ...
20171001@15:43:24 ==> Preparing to unpack .../cryptsetup-bin_20x0p+01.6.6-5ubuntu2.1_amd64.deb ...
20171001@15:43:24 ==> Unpacking cryptsetup-bin (2:1.6.6-5ubuntu2.1) over (2:1.6.6-5ubuntu2) ...
20171001@15:43:24 ==> Preparing to unpack .../cryptsetup_20x0p+01.6.6-5ubuntu2.1_amd64.deb ...
20171001@15:43:24 ==> Unpacking cryptsetup (2:1.6.6-5ubuntu2.1) over (2:1.6.6-5ubuntu2) ...
20171001@15:43:25 ==> Preparing to unpack .../linux-libc-dev_4.4.0-96.119_amd64.deb ...
20171001@15:43:25 ==> Unpacking linux-libc-dev:amd64 (4.4.0-96.119) over (4.4.0-92.115) ...
20171001@15:43:27 ==> Preparing to unpack .../mdadm_3.3-2ubuntu7.4_amd64.deb ...
20171001@15:43:27 ==> Unpacking mdadm (3.3-2ubuntu7.4) over (3.3-2ubuntu7.2) ...
20171001@15:43:27 ==> Preparing to unpack .../unattended-upgrades_0.90ubuntu0.8_all.deb ...
20171001@15:43:28 ==> Unpacking unattended-upgrades (0.90ubuntu0.8) over (0.90ubuntu0.7) ...
20171001@15:43:28 ==> Preparing to unpack .../xfsprogs_4.3.0+nmu1ubuntu1.1_amd64.deb ...
20171001@15:43:28 ==> Unpacking xfsprogs (4.3.0+nmu1ubuntu1.1) over (4.3.0+nmu1ubuntu1) ...
20171001@15:43:28 ==> Preparing to unpack .../grub-legacy-ec2_0.7.9-233-ge586fe35-0ubuntu1~16.04.1_all.deb ...
20171001@15:43:28 ==> Leaving 'diversion of /usr/sbin/grub-set-default to /usr/sbin/grub-set-default.real by grub-legacy-ec2'
20171001@15:43:28 ==> Unpacking grub-legacy-ec2 (0.7.9-233-ge586fe35-0ubuntu1~16.04.1) over (0.7.9-153-g16a7302f-0ubuntu1~16.04.2) ...
20171001@15:43:28 ==> Processing triggers for libc-bin (2.23-0ubuntu9) ...
20171001@15:43:28 ==> Processing triggers for man-db (2.7.5-1) ...
20171001@15:43:29 ==> Processing triggers for systemd (229-4ubuntu19) ...
20171001@15:43:29 ==> Processing triggers for ureadahead (0.100.0-19) ...
20171001@15:43:29 ==> Setting up libpython3.5-minimal:amd64 (3.5.2-2ubuntu0~16.04.3) ...
20171001@15:43:29 ==> Setting up libpython3.5-stdlib:amd64 (3.5.2-2ubuntu0~16.04.3) ...
20171001@15:43:29 ==> Setting up libpython3.5:amd64 (3.5.2-2ubuntu0~16.04.3) ...
20171001@15:43:29 ==> Setting up python3.5-minimal (3.5.2-2ubuntu0~16.04.3) ...
20171001@15:43:30 ==> Setting up python3.5 (3.5.2-2ubuntu0~16.04.3) ...
20171001@15:43:31 ==> Setting up lxd-client (2.0.10-0ubuntu1~16.04.2) ...
20171001@15:43:31 ==> Setting up lxd (2.0.10-0ubuntu1~16.04.2) ...
20171001@15:43:32 ==> Setting up libapparmor-perl (2.10.95-0ubuntu2.7) ...
20171001@15:43:32 ==> Setting up apparmor (2.10.95-0ubuntu2.7) ...
20171001@15:43:34 ==> update-rc.d: warning: start and stop actions are no longer supported; falling back to defaults
20171001@15:43:34 ==> Skipping profile in /etc/apparmor.d/disable: usr.sbin.rsyslogd
20171001@15:43:35 ==> Setting up snapd (2.27.5) ...
20171001@15:43:35 ==> Installing new version of config file /etc/apparmor.d/usr.lib.snapd.snap-confine.real ...
20171001@15:43:37 ==> Setting up ubuntu-core-launcher (2.27.5) ...
20171001@15:43:37 ==> Setting up snap-confine (2.27.5) ...
20171001@15:43:37 ==> Setting up python3-update-manager (1:16.04.9) ...
20171001@15:43:37 ==> Setting up update-manager-core (1:16.04.9) ...
20171001@15:43:37 ==> Setting up update-notifier-common (3.168.5) ...
20171001@15:43:37 ==> Setting up libisc-export160 (1:9.10.3.dfsg.P4-8ubuntu1.8) ...
20171001@15:43:37 ==> Setting up libdns-export162 (1:9.10.3.dfsg.P4-8ubuntu1.8) ...
20171001@15:43:37 ==> Setting up libxml2:amd64 (2.9.3+dfsg1-1ubuntu0.3) ...
20171001@15:43:37 ==> Setting up libisc160:amd64 (1:9.10.3.dfsg.P4-8ubuntu1.8) ...
20171001@15:43:37 ==> Setting up libdns162:amd64 (1:9.10.3.dfsg.P4-8ubuntu1.8) ...
20171001@15:43:37 ==> Setting up libisccc140:amd64 (1:9.10.3.dfsg.P4-8ubuntu1.8) ...
20171001@15:43:38 ==> Setting up libisccfg140:amd64 (1:9.10.3.dfsg.P4-8ubuntu1.8) ...
20171001@15:43:38 ==> Setting up libbind9-140:amd64 (1:9.10.3.dfsg.P4-8ubuntu1.8) ...
20171001@15:43:38 ==> Setting up liblwres141:amd64 (1:9.10.3.dfsg.P4-8ubuntu1.8) ...
20171001@15:43:38 ==> Setting up bind9-host (1:9.10.3.dfsg.P4-8ubuntu1.8) ...
20171001@15:43:38 ==> Setting up dnsutils (1:9.10.3.dfsg.P4-8ubuntu1.8) ...
20171001@15:43:38 ==> Setting up libplymouth4:amd64 (0.9.2-3ubuntu13.2) ...
20171001@15:43:38 ==> Setting up plymouth (0.9.2-3ubuntu13.2) ...
20171001@15:43:38 ==> update-initramfs: deferring update (trigger activated)
20171001@15:43:38 ==> update-rc.d: warning: start and stop actions are no longer supported; falling back to defaults
20171001@15:43:38 ==> update-rc.d: warning: start and stop actions are no longer supported; falling back to defaults
20171001@15:43:38 ==> Setting up plymouth-theme-ubuntu-text (0.9.2-3ubuntu13.2) ...
20171001@15:43:38 ==> update-initramfs: deferring update (trigger activated)
20171001@15:43:38 ==> Setting up tcpdump (4.9.2-0ubuntu0.16.04.1) ...
20171001@15:43:38 ==> Installing new version of config file /etc/apparmor.d/usr.sbin.tcpdump ...
20171001@15:43:38 ==> Setting up cryptsetup-bin (2:1.6.6-5ubuntu2.1) ...
20171001@15:43:38 ==> Setting up cryptsetup (2:1.6.6-5ubuntu2.1) ...
20171001@15:43:39 ==> update-initramfs: deferring update (trigger activated)
20171001@15:43:39 ==> update-rc.d: warning: start and stop actions are no longer supported; falling back to defaults
20171001@15:43:39 ==> update-rc.d: warning: start and stop actions are no longer supported; falling back to defaults
20171001@15:43:39 ==> Setting up linux-libc-dev:amd64 (4.4.0-96.119) ...
20171001@15:43:39 ==> Setting up mdadm (3.3-2ubuntu7.4) ...
20171001@15:43:39 ==> update-initramfs: deferring update (trigger activated)
20171001@15:43:40 ==> Generating grub configuration file ...
20171001@15:43:40 ==> File descriptor 3 (pipe:[37194]) leaked on vgs invocation. Parent PID 16753: /usr/sbin/grub-probe
20171001@15:43:40 ==> File descriptor 3 (pipe:[37194]) leaked on vgs invocation. Parent PID 16753: /usr/sbin/grub-probe
20171001@15:43:40 ==> File descriptor 3 (pipe:[37194]) leaked on vgs invocation. Parent PID 16778: /usr/sbin/grub-probe
20171001@15:43:40 ==> File descriptor 3 (pipe:[37194]) leaked on vgs invocation. Parent PID 16778: /usr/sbin/grub-probe
20171001@15:43:40 ==> File descriptor 3 (pipe:[37194]) leaked on vgs invocation. Parent PID 16807: /usr/sbin/grub-probe
20171001@15:43:40 ==> File descriptor 3 (pipe:[37194]) leaked on vgs invocation. Parent PID 16807: /usr/sbin/grub-probe
20171001@15:43:40 ==> File descriptor 3 (pipe:[37194]) leaked on vgs invocation. Parent PID 16834: /usr/sbin/grub-probe
20171001@15:43:40 ==> File descriptor 3 (pipe:[37194]) leaked on vgs invocation. Parent PID 16834: /usr/sbin/grub-probe
20171001@15:43:40 ==> Warning: Setting GRUB_TIMEOUT to a non-zero value when GRUB_HIDDEN_TIMEOUT is set is no longer supported.
20171001@15:43:40 ==> File descriptor 3 (pipe:[37194]) leaked on vgs invocation. Parent PID 16917: /usr/sbin/grub-probe
20171001@15:43:40 ==> File descriptor 3 (pipe:[37194]) leaked on vgs invocation. Parent PID 16917: /usr/sbin/grub-probe
20171001@15:43:40 ==> Found linux image: /boot/vmlinuz-4.4.0-92-generic
20171001@15:43:40 ==> Found initrd image: /boot/initrd.img-4.4.0-92-generic
20171001@15:43:40 ==> File descriptor 3 (pipe:[37194]) leaked on vgs invocation. Parent PID 17177: /usr/sbin/grub-probe
20171001@15:43:41 ==> File descriptor 3 (pipe:[37194]) leaked on vgs invocation. Parent PID 17177: /usr/sbin/grub-probe
20171001@15:43:41 ==> File descriptor 3 (pipe:[37194]) leaked on lvs invocation. Parent PID 17307: /bin/sh
20171001@15:43:41 ==> done
20171001@15:43:41 ==> update-rc.d: warning: start and stop actions are no longer supported; falling back to defaults
20171001@15:43:42 ==> Setting up unattended-upgrades (0.90ubuntu0.8) ...
20171001@15:43:42 ==> 
20171001@15:43:42 ==> Creating config file /etc/apt/apt.conf.d/20auto-upgrades with new version
20171001@15:43:42 ==> Setting up xfsprogs (4.3.0+nmu1ubuntu1.1) ...
20171001@15:43:43 ==> update-initramfs: deferring update (trigger activated)
20171001@15:43:43 ==> Setting up grub-legacy-ec2 (0.7.9-233-ge586fe35-0ubuntu1~16.04.1) ...
20171001@15:43:43 ==> Searching for GRUB installation directory ... found: /boot/grub
20171001@15:43:43 ==> Searching for default file ... found: /boot/grub/default
20171001@15:43:43 ==> Testing for an existing GRUB menu.lst file ... found: /boot/grub/menu.lst
20171001@15:43:43 ==> Searching for splash image ... none found, skipping ...
20171001@15:43:43 ==> Found kernel: /vmlinuz-4.4.0-92-generic
20171001@15:43:43 ==> Found kernel: /vmlinuz-4.4.0-62-generic
20171001@15:43:43 ==> Replacing config file /run/grub/menu.lst with new version
20171001@15:43:43 ==> Found kernel: /vmlinuz-4.4.0-92-generic
20171001@15:43:43 ==> Replacing config file /run/grub/menu.lst with new version
20171001@15:43:44 ==> Updating /boot/grub/menu.lst ... done
20171001@15:43:44 ==> 
20171001@15:43:44 ==> Processing triggers for libc-bin (2.23-0ubuntu9) ...
20171001@15:43:44 ==> Processing triggers for initramfs-tools (0.122ubuntu8.8) ...
20171001@15:43:44 ==> update-initramfs: Generating /boot/initrd.img-4.4.0-92-generic
20171001@15:43:51 ==> W: mdadm: /etc/mdadm/mdadm.conf defines no arrays.
20171001@15:43:59 ==> Installing packages
20171001@15:43:59 ==> Reading package lists...
20171001@15:44:00 ==> Building dependency tree...
20171001@15:44:00 ==> Reading state information...
20171001@15:44:00 ==> git is already the newest version (1:2.7.4-0ubuntu1.2).
20171001@15:44:00 ==> The following NEW packages will be installed:
20171001@15:44:00 ==> libuv1 nodejs
20171001@15:44:01 ==> 0 upgraded, 2 newly installed, 0 to remove and 0 not upgraded.
20171001@15:44:01 ==> Need to get 3,218 kB of archives.
20171001@15:44:01 ==> After this operation, 13.4 MB of additional disk space will be used.
20171001@15:44:01 ==> Get:1 http://archive.ubuntu.com/ubuntu xenial/universe amd64 libuv1 amd64 1.8.0-1 [57.4 kB]
20171001@15:44:01 ==> Get:2 http://archive.ubuntu.com/ubuntu xenial-updates/universe amd64 nodejs amd64 4.2.6~dfsg-1ubuntu4.1 [3,161 kB]
20171001@15:44:08 ==> Fetched 3,218 kB in 7s (441 kB/s)
20171001@15:44:08 ==> Selecting previously unselected package libuv1:amd64.
/scripts/shell/includes/logger_functions.sh: line 13: printf: `': invalid format character
20171001@15:44:08 ==> (Reading database ... (Reading database ... 520171001@15:44:08 ==> Preparing to unpack .../libuv1_1.8.0-1_amd64.deb ...
20171001@15:44:08 ==> Unpacking libuv1:amd64 (1.8.0-1) ...
20171001@15:44:08 ==> Selecting previously unselected package nodejs.
20171001@15:44:08 ==> Preparing to unpack .../nodejs_4.2.6~dfsg-1ubuntu4.1_amd64.deb ...
20171001@15:44:08 ==> Unpacking nodejs (4.2.6~dfsg-1ubuntu4.1) ...
20171001@15:44:08 ==> Processing triggers for libc-bin (2.23-0ubuntu9) ...
20171001@15:44:08 ==> Processing triggers for man-db (2.7.5-1) ...
20171001@15:44:09 ==> Setting up libuv1:amd64 (1.8.0-1) ...
20171001@15:44:09 ==> Setting up nodejs (4.2.6~dfsg-1ubuntu4.1) ...
20171001@15:44:09 ==> update-alternatives: using /usr/bin/nodejs to provide /usr/bin/js (js) in auto mode
20171001@15:44:09 ==> Processing triggers for libc-bin (2.23-0ubuntu9) ...
